<?xml version="1.0" encoding="UTF-8"?>
<testsuite name="MainTest" tests="1" skipped="0" failures="0" errors="0" timestamp="2020-01-02T11:22:05" hostname="MacBook-Pro-2" time="0.047">
  <properties/>
  <testcase name="solve day one()" classname="MainTest" time="0.047"/>
  <system-out><![CDATA[]]></system-out>
  <system-err><![CDATA[]]></system-err>
</testsuite>
