<?xml version="1.0" encoding="UTF-8"?>
<testsuite name="MainTest" tests="1" skipped="0" failures="0" errors="0" timestamp="2019-12-08T18:34:58" hostname="MacBook-Pro-2" time="0.056">
  <properties/>
  <testcase name="day 08 part 2 create image()" classname="MainTest" time="0.056"/>
  <system-out><![CDATA[ ##   ##  ###  #  # #    
#  # #  # #  # #  # #    
#    #    #  # #### #    
# ## #    ###  #  # #    
#  # #  # #    #  # #    
 ###  ##  #    #  # #### 
]]></system-out>
  <system-err><![CDATA[]]></system-err>
</testsuite>
