<?xml version="1.0" encoding="UTF-8"?>
<testsuite name="MainTest" tests="2" skipped="0" failures="0" errors="0" timestamp="2019-12-21T14:07:25" hostname="MacBook-Pro-2" time="0.252">
  <properties/>
  <testcase name="conversion of Pair of string and Int is converted to a list of ascii separated by ascii commas()" classname="MainTest" time="0.029"/>
  <testcase name="day 17 part two()" classname="MainTest" time="0.222"/>
  <system-out><![CDATA[............................#####..........
............................#...#..........
............................#...#..........
............................#...#..........
............................#...#..........
............................#...#..........
........................#########..........
........................#...#..............
........................#...#..............
........................#...#..............
....................#########..............
....................#...#..................
....................#...#..................
....................#...#..................
................#####...#####..............
................#...........#..............
................#...........#..............
................#...........#..............
........#########...........#####..........
........#.......................#..........
........#.......................#..........
........#.......................#..........
#######.#...................#########......
#.....#.#...................#...#...#......
#.....#.#####...............#...#...#......
#.....#.....#...............#...#...#......
###########.#.######^...#####...###########
......#...#.#.#.........#...........#.....#
......#.#########.......#...........#.....#
......#.#.#.#.#.........#...........#.....#
......#########.#########...........#######
........#.#.#...#..........................
....#########...#..........................
....#...#.#.....#..........................
....#...#.#######..........................
....#...#..................................
....#...#..................................
....#...#..................................
....#####..................................
nullnullnullnullnullnullnullnullnullnullnullnullnullnullnullnullnullnullnullnullnullnullnullnullnullnullnullnullnullnullnullnullnullnullnullnullnullnullnullnullnullnullnull
!!!!!nullnullnullnullnullnullnullnullnullnullnullnullnullnullnullnullnullnullnullnullnullnullnullnullnullnullnullnullnullnullnullnullnullnullnullnullnullnull
[(L, 6), (L, 4), (R, 8), (R, 8), (L, 6), (L, 4), (L, 10), (R, 8), (L, 6), (L, 4), (R, 8), (L, 4), (R, 4), (L, 4), (R, 8), (R, 8), (L, 6), (L, 4), (L, 10), (R, 8), (L, 4), (R, 4), (L, 4), (R, 8), (R, 8), (L, 6), (L, 4), (L, 10), (R, 8), (L, 4), (R, 4), (L, 4), (R, 8), (L, 6), (L, 4), (R, 8), (R, 8), (L, 6), (L, 4), (L, 10), (R, 8)]
[., ., ., ., ., ., ., ., ., ., ., ., ., ., ., ., ., ., ., ., ., ., ., ., ., ., ., ., #, #, #, #, #, ., ., ., ., ., ., ., ., ., ., 
, ., ., ., ., ., ., ., ., ., ., ., ., ., ., ., ., ., ., ., ., ., ., ., ., ., ., ., ., #, ., ., ., #, ., ., ., ., ., ., ., ., ., ., 
, ., ., ., ., ., ., ., ., ., ., ., ., ., ., ., ., ., ., ., ., ., ., ., ., ., ., ., ., #, ., ., ., #, ., ., ., ., ., ., ., ., ., ., 
, ., ., ., ., ., ., ., ., ., ., ., ., ., ., ., ., ., ., ., ., ., ., ., ., ., ., ., ., #, ., ., ., #, ., ., ., ., ., ., ., ., ., ., 
, ., ., ., ., ., ., ., ., ., ., ., ., ., ., ., ., ., ., ., ., ., ., ., ., ., ., ., ., #, ., ., ., #, ., ., ., ., ., ., ., ., ., ., 
, ., ., ., ., ., ., ., ., ., ., ., ., ., ., ., ., ., ., ., ., ., ., ., ., ., ., ., ., #, ., ., ., #, ., ., ., ., ., ., ., ., ., ., 
, ., ., ., ., ., ., ., ., ., ., ., ., ., ., ., ., ., ., ., ., ., ., ., ., #, #, #, #, #, #, #, #, #, ., ., ., ., ., ., ., ., ., ., 
, ., ., ., ., ., ., ., ., ., ., ., ., ., ., ., ., ., ., ., ., ., ., ., ., #, ., ., ., #, ., ., ., ., ., ., ., ., ., ., ., ., ., ., 
, ., ., ., ., ., ., ., ., ., ., ., ., ., ., ., ., ., ., ., ., ., ., ., ., #, ., ., ., #, ., ., ., ., ., ., ., ., ., ., ., ., ., ., 
, ., ., ., ., ., ., ., ., ., ., ., ., ., ., ., ., ., ., ., ., ., ., ., ., #, ., ., ., #, ., ., ., ., ., ., ., ., ., ., ., ., ., ., 
, ., ., ., ., ., ., ., ., ., ., ., ., ., ., ., ., ., ., ., ., #, #, #, #, #, #, #, #, #, ., ., ., ., ., ., ., ., ., ., ., ., ., ., 
, ., ., ., ., ., ., ., ., ., ., ., ., ., ., ., ., ., ., ., ., #, ., ., ., #, ., ., ., ., ., ., ., ., ., ., ., ., ., ., ., ., ., ., 
, ., ., ., ., ., ., ., ., ., ., ., ., ., ., ., ., ., ., ., ., #, ., ., ., #, ., ., ., ., ., ., ., ., ., ., ., ., ., ., ., ., ., ., 
, ., ., ., ., ., ., ., ., ., ., ., ., ., ., ., ., ., ., ., ., #, ., ., ., #, ., ., ., ., ., ., ., ., ., ., ., ., ., ., ., ., ., ., 
, ., ., ., ., ., ., ., ., ., ., ., ., ., ., ., ., #, #, #, #, #, ., ., ., #, #, #, #, #, ., ., ., ., ., ., ., ., ., ., ., ., ., ., 
, ., ., ., ., ., ., ., ., ., ., ., ., ., ., ., ., #, ., ., ., ., ., ., ., ., ., ., ., #, ., ., ., ., ., ., ., ., ., ., ., ., ., ., 
, ., ., ., ., ., ., ., ., ., ., ., ., ., ., ., ., #, ., ., ., ., ., ., ., ., ., ., ., #, ., ., ., ., ., ., ., ., ., ., ., ., ., ., 
, ., ., ., ., ., ., ., ., ., ., ., ., ., ., ., ., #, ., ., ., ., ., ., ., ., ., ., ., #, ., ., ., ., ., ., ., ., ., ., ., ., ., ., 
, ., ., ., ., ., ., ., ., #, #, #, #, #, #, #, #, #, ., ., ., ., ., ., ., ., ., ., ., #, #, #, #, #, ., ., ., ., ., ., ., ., ., ., 
, ., ., ., ., ., ., ., ., #, ., ., ., ., ., ., ., ., ., ., ., ., ., ., ., ., ., ., ., ., ., ., ., #, ., ., ., ., ., ., ., ., ., ., 
, ., ., ., ., ., ., ., ., #, ., ., ., ., ., ., ., ., ., ., ., ., ., ., ., ., ., ., ., ., ., ., ., #, ., ., ., ., ., ., ., ., ., ., 
, ., ., ., ., ., ., ., ., #, ., ., ., ., ., ., ., ., ., ., ., ., ., ., ., ., ., ., ., ., ., ., ., #, ., ., ., ., ., ., ., ., ., ., 
, #, #, #, #, #, #, #, ., #, ., ., ., ., ., ., ., ., ., ., ., ., ., ., ., ., ., ., ., #, #, #, #, #, #, #, #, #, ., ., ., ., ., ., 
, #, ., ., ., ., ., #, ., #, ., ., ., ., ., ., ., ., ., ., ., ., ., ., ., ., ., ., ., #, ., ., ., #, ., ., ., #, ., ., ., ., ., ., 
, #, ., ., ., ., ., #, ., #, #, #, #, #, ., ., ., ., ., ., ., ., ., ., ., ., ., ., ., #, ., ., ., #, ., ., ., #, ., ., ., ., ., ., 
, #, ., ., ., ., ., #, ., ., ., ., ., #, ., ., ., ., ., ., ., ., ., ., ., ., ., ., ., #, ., ., ., #, ., ., ., #, ., ., ., ., ., ., 
, #, #, #, #, #, #, #, #, #, #, #, ., #, ., #, #, #, #, #, #, ^, ., ., ., #, #, #, #, #, ., ., ., #, #, #, #, #, #, #, #, #, #, #, 
, ., ., ., ., ., ., #, ., ., ., #, ., #, ., #, ., ., ., ., ., ., ., ., ., #, ., ., ., ., ., ., ., ., ., ., ., #, ., ., ., ., ., #, 
, ., ., ., ., ., ., #, ., #, #, #, #, #, #, #, #, #, ., ., ., ., ., ., ., #, ., ., ., ., ., ., ., ., ., ., ., #, ., ., ., ., ., #, 
, ., ., ., ., ., ., #, ., #, ., #, ., #, ., #, ., ., ., ., ., ., ., ., ., #, ., ., ., ., ., ., ., ., ., ., ., #, ., ., ., ., ., #, 
, ., ., ., ., ., ., #, #, #, #, #, #, #, #, #, ., #, #, #, #, #, #, #, #, #, ., ., ., ., ., ., ., ., ., ., ., #, #, #, #, #, #, #, 
, ., ., ., ., ., ., ., ., #, ., #, ., #, ., ., ., #, ., ., ., ., ., ., ., ., ., ., ., ., ., ., ., ., ., ., ., ., ., ., ., ., ., ., 
, ., ., ., ., #, #, #, #, #, #, #, #, #, ., ., ., #, ., ., ., ., ., ., ., ., ., ., ., ., ., ., ., ., ., ., ., ., ., ., ., ., ., ., 
, ., ., ., ., #, ., ., ., #, ., #, ., ., ., ., ., #, ., ., ., ., ., ., ., ., ., ., ., ., ., ., ., ., ., ., ., ., ., ., ., ., ., ., 
, ., ., ., ., #, ., ., ., #, ., #, #, #, #, #, #, #, ., ., ., ., ., ., ., ., ., ., ., ., ., ., ., ., ., ., ., ., ., ., ., ., ., ., 
, ., ., ., ., #, ., ., ., #, ., ., ., ., ., ., ., ., ., ., ., ., ., ., ., ., ., ., ., ., ., ., ., ., ., ., ., ., ., ., ., ., ., ., 
, ., ., ., ., #, ., ., ., #, ., ., ., ., ., ., ., ., ., ., ., ., ., ., ., ., ., ., ., ., ., ., ., ., ., ., ., ., ., ., ., ., ., ., 
, ., ., ., ., #, ., ., ., #, ., ., ., ., ., ., ., ., ., ., ., ., ., ., ., ., ., ., ., ., ., ., ., ., ., ., ., ., ., ., ., ., ., ., 
, ., ., ., ., #, #, #, #, #, ., ., ., ., ., ., ., ., ., ., ., ., ., ., ., ., ., ., ., ., ., ., ., ., ., ., ., ., ., ., ., ., ., ., 
, 
, M, a, i, n, :, 
, F, u, n, c, t, i, o, n,  , A, :, 
, F, u, n, c, t, i, o, n,  , B, :, 
, 
, D, e, f, i, n, i, t, i, o, n, s,  , m, a, y,  , b, e,  , a, t,  , m, o, s, t,  , 2, 0,  , c, h, a, r, a, c, t, e, r, s, !, 
]
]]></system-out>
  <system-err><![CDATA[]]></system-err>
</testsuite>
