<?xml version="1.0" encoding="UTF-8"?>
<testsuite name="MainTest" tests="3" skipped="0" failures="0" errors="0" timestamp="2019-12-18T21:11:20" hostname="MacBook-Pro-2" time="0.247">
  <properties/>
  <testcase name="intersections are correct from day one sample one()" classname="MainTest" time="0.041"/>
  <testcase name="finds route for sample in part two()" classname="MainTest" time="0.054"/>
  <testcase name="day 17 part one()" classname="MainTest" time="0.15"/>
  <system-out><![CDATA[..#..........
..#..........
##O####...###
#.#...#...#.#
##O###O###O##
..#...#...#..
..#####...^..
Turn: R 8
Turn: R 8
Turn: R 4
Turn: R 4
Turn: R 8
Turn: L 6
Turn: L 2
Turn: R 4
Turn: R 4
Turn: R 8
Turn: R 8
Turn: R 8
Turn: L 6
Turn: L 2

[(R, 8)]
[(R, 4)]
[(L, 6), (L, 2)]

[(R, 8)]
[(R, 4)]
[(L, 6), (L, 2), (L, 6), (L, 2)]

[(R, 8)]
[(R, 4)]
[(L, 6), (L, 2), (L, 6), (L, 2)]

[(R, 8)]
[(R, 4)]
[(L, 6), (L, 2), (L, 6), (L, 2)]

[(R, 8)]
[(R, 4)]
[(L, 6), (L, 2), (L, 6), (L, 2)]

[(R, 8)]
[(R, 4)]
[(L, 6), (L, 2), (L, 6), (L, 2)]

[(R, 8)]
[(R, 4)]
[(L, 6), (L, 2), (L, 6), (L, 2)]

[(R, 8)]
[(R, 4), (R, 4)]
[(L, 6), (L, 2), (L, 6), (L, 2)]

[(R, 8)]
[(R, 4), (R, 4)]
[(L, 6), (L, 2), (L, 6), (L, 2)]

[(R, 8)]
[(R, 4), (R, 4)]
[(L, 6), (L, 2), (L, 6), (L, 2)]

[(R, 8)]
[(R, 4), (R, 4)]
[(L, 6), (L, 2), (L, 6), (L, 2)]

[(R, 8)]
[(R, 4), (R, 4)]
[(L, 6), (L, 2), (L, 6), (L, 2)]

[(R, 8)]
[(R, 4), (R, 4)]
[(L, 6), (L, 2), (L, 6), (L, 2)]

[(R, 8)]
[(R, 4), (R, 4), (L, 6)]
[(L, 2), (R, 4), (R, 4), (L, 6), (L, 2)]

[(R, 8)]
[(R, 4), (R, 4), (L, 6)]
[(L, 2), (R, 4), (R, 4), (L, 6), (L, 2)]

[(R, 8)]
[(R, 4), (R, 4), (L, 6)]
[(L, 2), (R, 4), (R, 4), (L, 6), (L, 2)]

[(R, 8)]
[(R, 4), (R, 4), (L, 6)]
[(L, 2), (R, 4), (R, 4), (L, 6), (L, 2)]

[(R, 8)]
[(R, 4), (R, 4), (L, 6)]
[(L, 2), (R, 4), (R, 4), (L, 6), (L, 2)]

[(R, 8)]
[(R, 4), (R, 4), (L, 6), (L, 2), (R, 4)]
[(R, 4), (L, 6), (L, 2)]

[(R, 8)]
[(R, 4), (R, 4), (L, 6), (L, 2), (R, 4)]
[(R, 4), (L, 6), (L, 2)]

[(R, 8)]
[(R, 4), (R, 4), (L, 6), (L, 2), (R, 4)]
[(R, 4), (L, 6), (L, 2)]

[(R, 8)]
[(R, 4), (R, 4), (L, 6), (L, 2), (R, 4)]
[(R, 4), (L, 6), (L, 2)]

[(R, 8)]
[(R, 4), (R, 4), (L, 6), (L, 2), (R, 4)]
[(R, 4), (L, 6), (L, 2)]

[(R, 8)]
[(R, 4), (R, 4), (L, 6), (L, 2), (R, 4)]
[(R, 4), (L, 6), (L, 2)]

[(R, 8)]
[(R, 4), (R, 4), (L, 6), (L, 2), (R, 4)]
[(R, 4), (L, 6), (L, 2)]

[(R, 8)]
[(R, 4), (R, 4), (L, 6), (L, 2), (R, 4), (R, 4)]
[(L, 6), (L, 2)]

[(R, 8)]
[(R, 4), (R, 4), (L, 6), (L, 2), (R, 4), (R, 4)]
[(L, 6), (L, 2)]

[(R, 8)]
[(R, 4), (R, 4), (L, 6), (L, 2), (R, 4), (R, 4)]
[(L, 6), (L, 2)]

[(R, 8)]
[(R, 4), (R, 4), (L, 6), (L, 2), (R, 4), (R, 4)]
[(L, 6), (L, 2)]

[(R, 8)]
[(R, 4), (R, 4), (L, 6), (L, 2), (R, 4), (R, 4)]
[(L, 6), (L, 2)]

[(R, 8)]
[(R, 4), (R, 4), (L, 6), (L, 2), (R, 4), (R, 4)]
[(L, 6), (L, 2)]

[(R, 8)]
[(R, 4), (R, 4), (L, 6), (L, 2), (R, 4), (R, 4)]
[(L, 6), (L, 2)]

[(R, 8)]
[(R, 4), (R, 4), (L, 6), (L, 2), (R, 4), (R, 4)]
[(L, 6), (L, 2)]

[(R, 8)]
[(R, 4), (R, 4), (L, 6), (L, 2), (R, 4), (R, 4), (L, 6)]
[(L, 2)]

[(R, 8)]
[(R, 4), (R, 4), (L, 6), (L, 2), (R, 4), (R, 4), (L, 6)]
[(L, 2)]

[(R, 8)]
[(R, 4), (R, 4), (L, 6), (L, 2), (R, 4), (R, 4), (L, 6)]
[(L, 2)]

[(R, 8)]
[(R, 4), (R, 4), (L, 6), (L, 2), (R, 4), (R, 4), (L, 6)]
[(L, 2)]

[(R, 8)]
[(R, 4), (R, 4), (L, 6), (L, 2), (R, 4), (R, 4), (L, 6)]
[(L, 2)]

[(R, 8)]
[(R, 4), (R, 4), (L, 6), (L, 2), (R, 4), (R, 4), (L, 6)]
[(L, 2)]

[(R, 8)]
[(R, 4), (R, 4), (L, 6), (L, 2), (R, 4), (R, 4), (L, 6)]
[(L, 2)]

[(R, 8)]
[(R, 4), (R, 4), (L, 6), (L, 2), (R, 4), (R, 4), (L, 6)]
[(L, 2)]

[(R, 8)]
[(R, 4), (R, 4), (L, 6), (L, 2), (R, 4), (R, 4), (L, 6)]
[(L, 2)]

[(R, 8), (R, 8)]
[(R, 4)]
[(R, 8), (L, 6), (L, 2), (R, 8), (L, 6), (L, 2)]

[(R, 8), (R, 8)]
[(R, 4)]
[(R, 8), (L, 6), (L, 2), (R, 8), (L, 6), (L, 2)]

[(R, 8), (R, 8)]
[(R, 4)]
[(R, 8), (L, 6), (L, 2), (R, 8), (L, 6), (L, 2)]

[(R, 8), (R, 8)]
[(R, 4)]
[(R, 8), (L, 6), (L, 2), (R, 8), (L, 6), (L, 2)]

[(R, 8), (R, 8)]
[(R, 4), (R, 4)]
[(R, 8), (L, 6), (L, 2), (R, 4), (R, 4), (R, 8), (L, 6), (L, 2)]

[(R, 8), (R, 8)]
[(R, 4), (R, 4)]
[(R, 8), (L, 6), (L, 2), (R, 4), (R, 4), (R, 8), (L, 6), (L, 2)]

[(R, 8), (R, 8)]
[(R, 4), (R, 4), (R, 8)]
[(L, 6), (L, 2), (R, 4), (R, 4), (R, 8), (L, 6), (L, 2)]

[(R, 8), (R, 8)]
[(R, 4), (R, 4), (R, 8)]
[(L, 6), (L, 2), (R, 4), (R, 4), (R, 8), (L, 6), (L, 2)]

[(R, 8), (R, 8)]
[(R, 4), (R, 4), (R, 8)]
[(L, 6), (L, 2), (R, 4), (R, 4), (R, 8), (L, 6), (L, 2)]

[(R, 8), (R, 8)]
[(R, 4), (R, 4), (R, 8), (L, 6)]
[(L, 2), (R, 4), (R, 4), (R, 8), (L, 6), (L, 2)]

[(R, 8), (R, 8)]
[(R, 4), (R, 4), (R, 8), (L, 6)]
[(L, 2), (R, 4), (R, 4), (R, 8), (L, 6), (L, 2)]

[(R, 8), (R, 8)]
[(R, 4), (R, 4), (R, 8), (L, 6)]
[(L, 2), (R, 4), (R, 4), (R, 8), (L, 6), (L, 2)]

[(R, 8), (R, 8)]
[(R, 4), (R, 4), (R, 8), (L, 6)]
[(L, 2), (R, 4), (R, 4), (R, 8), (L, 6), (L, 2)]

[(R, 8), (R, 8)]
[(R, 4), (R, 4), (R, 8), (L, 6), (L, 2), (R, 4)]
[(R, 4), (R, 8), (L, 6), (L, 2)]

[(R, 8), (R, 8)]
[(R, 4), (R, 4), (R, 8), (L, 6), (L, 2), (R, 4)]
[(R, 4), (R, 8), (L, 6), (L, 2)]

[(R, 8), (R, 8)]
[(R, 4), (R, 4), (R, 8), (L, 6), (L, 2), (R, 4)]
[(R, 4), (R, 8), (L, 6), (L, 2)]

[(R, 8), (R, 8)]
[(R, 4), (R, 4), (R, 8), (L, 6), (L, 2), (R, 4)]
[(R, 4), (R, 8), (L, 6), (L, 2)]

[(R, 8), (R, 8)]
[(R, 4), (R, 4), (R, 8), (L, 6), (L, 2), (R, 4)]
[(R, 4), (R, 8), (L, 6), (L, 2)]

[(R, 8), (R, 8)]
[(R, 4), (R, 4), (R, 8), (L, 6), (L, 2), (R, 4)]
[(R, 4), (R, 8), (L, 6), (L, 2)]

[(R, 8), (R, 8)]
[(R, 4), (R, 4), (R, 8), (L, 6), (L, 2), (R, 4), (R, 4)]
[(R, 8), (L, 6), (L, 2)]

[(R, 8), (R, 8)]
[(R, 4), (R, 4), (R, 8), (L, 6), (L, 2), (R, 4), (R, 4)]
[(R, 8), (L, 6), (L, 2)]

[(R, 8), (R, 8)]
[(R, 4), (R, 4), (R, 8), (L, 6), (L, 2), (R, 4), (R, 4)]
[(R, 8), (L, 6), (L, 2)]

[(R, 8), (R, 8)]
[(R, 4), (R, 4), (R, 8), (L, 6), (L, 2), (R, 4), (R, 4)]
[(R, 8), (L, 6), (L, 2)]

[(R, 8), (R, 8)]
[(R, 4), (R, 4), (R, 8), (L, 6), (L, 2), (R, 4), (R, 4)]
[(R, 8), (L, 6), (L, 2)]

[(R, 8), (R, 8)]
[(R, 4), (R, 4), (R, 8), (L, 6), (L, 2), (R, 4), (R, 4)]
[(R, 8), (L, 6), (L, 2)]

[(R, 8), (R, 8)]
[(R, 4), (R, 4), (R, 8), (L, 6), (L, 2), (R, 4), (R, 4)]
[(R, 8), (L, 6), (L, 2)]

[(R, 8), (R, 8)]
[(R, 4), (R, 4), (R, 8), (L, 6), (L, 2), (R, 4), (R, 4), (R, 8)]
[(L, 6), (L, 2)]

[(R, 8), (R, 8)]
[(R, 4), (R, 4), (R, 8), (L, 6), (L, 2), (R, 4), (R, 4), (R, 8)]
[(L, 6), (L, 2)]

[(R, 8), (R, 8)]
[(R, 4), (R, 4), (R, 8), (L, 6), (L, 2), (R, 4), (R, 4), (R, 8)]
[(L, 6), (L, 2)]

[(R, 8), (R, 8)]
[(R, 4), (R, 4), (R, 8), (L, 6), (L, 2), (R, 4), (R, 4), (R, 8)]
[(L, 6), (L, 2)]

[(R, 8), (R, 8)]
[(R, 4), (R, 4), (R, 8), (L, 6), (L, 2), (R, 4), (R, 4), (R, 8)]
[(L, 6), (L, 2)]

[(R, 8), (R, 8)]
[(R, 4), (R, 4), (R, 8), (L, 6), (L, 2), (R, 4), (R, 4), (R, 8)]
[(L, 6), (L, 2)]

[(R, 8), (R, 8)]
[(R, 4), (R, 4), (R, 8), (L, 6), (L, 2), (R, 4), (R, 4), (R, 8)]
[(L, 6), (L, 2)]

[(R, 8), (R, 8)]
[(R, 4), (R, 4), (R, 8), (L, 6), (L, 2), (R, 4), (R, 4), (R, 8)]
[(L, 6), (L, 2)]

[(R, 8), (R, 8)]
[(R, 4), (R, 4), (R, 8), (L, 6), (L, 2), (R, 4), (R, 4), (R, 8), (L, 6)]
[(L, 2)]

[(R, 8), (R, 8)]
[(R, 4), (R, 4), (R, 8), (L, 6), (L, 2), (R, 4), (R, 4), (R, 8), (L, 6)]
[(L, 2)]

[(R, 8), (R, 8)]
[(R, 4), (R, 4), (R, 8), (L, 6), (L, 2), (R, 4), (R, 4), (R, 8), (L, 6)]
[(L, 2)]

[(R, 8), (R, 8)]
[(R, 4), (R, 4), (R, 8), (L, 6), (L, 2), (R, 4), (R, 4), (R, 8), (L, 6)]
[(L, 2)]

[(R, 8), (R, 8)]
[(R, 4), (R, 4), (R, 8), (L, 6), (L, 2), (R, 4), (R, 4), (R, 8), (L, 6)]
[(L, 2)]

[(R, 8), (R, 8)]
[(R, 4), (R, 4), (R, 8), (L, 6), (L, 2), (R, 4), (R, 4), (R, 8), (L, 6)]
[(L, 2)]

[(R, 8), (R, 8)]
[(R, 4), (R, 4), (R, 8), (L, 6), (L, 2), (R, 4), (R, 4), (R, 8), (L, 6)]
[(L, 2)]

[(R, 8), (R, 8)]
[(R, 4), (R, 4), (R, 8), (L, 6), (L, 2), (R, 4), (R, 4), (R, 8), (L, 6)]
[(L, 2)]

[(R, 8), (R, 8)]
[(R, 4), (R, 4), (R, 8), (L, 6), (L, 2), (R, 4), (R, 4), (R, 8), (L, 6)]
[(L, 2)]

[(R, 8), (R, 8), (R, 4)]
[(R, 4)]
[(R, 8), (L, 6), (L, 2), (R, 8), (R, 8), (R, 8), (L, 6), (L, 2)]

[(R, 8), (R, 8), (R, 4)]
[(R, 4)]
[(R, 8), (L, 6), (L, 2), (R, 8), (R, 8), (R, 8), (L, 6), (L, 2)]

[(R, 8), (R, 8), (R, 4)]
[(R, 4), (R, 8)]
[(L, 6), (L, 2), (R, 4), (R, 4), (R, 8), (R, 8), (R, 8), (L, 6), (L, 2)]

[(R, 8), (R, 8), (R, 4)]
[(R, 4), (R, 8), (L, 6)]
[(L, 2), (R, 4), (R, 4), (R, 8), (R, 8), (R, 8), (L, 6), (L, 2)]

[(R, 8), (R, 8), (R, 4)]
[(R, 4), (R, 8), (L, 6)]
[(L, 2), (R, 4), (R, 4), (R, 8), (R, 8), (R, 8), (L, 6), (L, 2)]

[(R, 8), (R, 8), (R, 4)]
[(R, 4), (R, 8), (L, 6), (L, 2)]
[(R, 4), (R, 4), (R, 8), (R, 8), (R, 8), (L, 6), (L, 2)]

[(R, 8), (R, 8), (R, 4)]
[(R, 4), (R, 8), (L, 6), (L, 2)]
[(R, 4), (R, 4), (R, 8), (R, 8), (R, 8), (L, 6), (L, 2)]

[(R, 8), (R, 8), (R, 4)]
[(R, 4), (R, 8), (L, 6), (L, 2)]
[(R, 4), (R, 4), (R, 8), (R, 8), (R, 8), (L, 6), (L, 2)]

[(R, 8), (R, 8), (R, 4)]
[(R, 4), (R, 8), (L, 6), (L, 2), (R, 4)]
[(R, 4), (R, 8), (R, 8), (R, 8), (L, 6), (L, 2)]

[(R, 8), (R, 8), (R, 4)]
[(R, 4), (R, 8), (L, 6), (L, 2), (R, 4)]
[(R, 4), (R, 8), (R, 8), (R, 8), (L, 6), (L, 2)]

[(R, 8), (R, 8), (R, 4)]
[(R, 4), (R, 8), (L, 6), (L, 2), (R, 4)]
[(R, 4), (R, 8), (R, 8), (R, 8), (L, 6), (L, 2)]

[(R, 8), (R, 8), (R, 4)]
[(R, 4), (R, 8), (L, 6), (L, 2), (R, 4)]
[(R, 4), (R, 8), (R, 8), (R, 8), (L, 6), (L, 2)]

[(R, 8), (R, 8), (R, 4)]
[(R, 4), (R, 8), (L, 6), (L, 2), (R, 4), (R, 4)]
[(R, 8), (R, 8), (R, 8), (L, 6), (L, 2)]

[(R, 8), (R, 8), (R, 4)]
[(R, 4), (R, 8), (L, 6), (L, 2), (R, 4), (R, 4)]
[(R, 8), (R, 8), (R, 8), (L, 6), (L, 2)]

[(R, 8), (R, 8), (R, 4)]
[(R, 4), (R, 8), (L, 6), (L, 2), (R, 4), (R, 4)]
[(R, 8), (R, 8), (R, 8), (L, 6), (L, 2)]

[(R, 8), (R, 8), (R, 4)]
[(R, 4), (R, 8), (L, 6), (L, 2), (R, 4), (R, 4)]
[(R, 8), (R, 8), (R, 8), (L, 6), (L, 2)]

[(R, 8), (R, 8), (R, 4)]
[(R, 4), (R, 8), (L, 6), (L, 2), (R, 4), (R, 4)]
[(R, 8), (R, 8), (R, 8), (L, 6), (L, 2)]

[(R, 8), (R, 8), (R, 4)]
[(R, 4), (R, 8), (L, 6), (L, 2), (R, 4), (R, 4), (R, 8)]
[(R, 8), (R, 8), (L, 6), (L, 2)]

[(R, 8), (R, 8), (R, 4)]
[(R, 4), (R, 8), (L, 6), (L, 2), (R, 4), (R, 4), (R, 8)]
[(R, 8), (R, 8), (L, 6), (L, 2)]

[(R, 8), (R, 8), (R, 4)]
[(R, 4), (R, 8), (L, 6), (L, 2), (R, 4), (R, 4), (R, 8)]
[(R, 8), (R, 8), (L, 6), (L, 2)]

[(R, 8), (R, 8), (R, 4)]
[(R, 4), (R, 8), (L, 6), (L, 2), (R, 4), (R, 4), (R, 8)]
[(R, 8), (R, 8), (L, 6), (L, 2)]

[(R, 8), (R, 8), (R, 4)]
[(R, 4), (R, 8), (L, 6), (L, 2), (R, 4), (R, 4), (R, 8)]
[(R, 8), (R, 8), (L, 6), (L, 2)]

[(R, 8), (R, 8), (R, 4)]
[(R, 4), (R, 8), (L, 6), (L, 2), (R, 4), (R, 4), (R, 8)]
[(R, 8), (R, 8), (L, 6), (L, 2)]

[(R, 8), (R, 8), (R, 4)]
[(R, 4), (R, 8), (L, 6), (L, 2), (R, 4), (R, 4), (R, 8), (R, 8)]
[(R, 8), (L, 6), (L, 2)]

[(R, 8), (R, 8), (R, 4)]
[(R, 4), (R, 8), (L, 6), (L, 2), (R, 4), (R, 4), (R, 8), (R, 8)]
[(R, 8), (L, 6), (L, 2)]

[(R, 8), (R, 8), (R, 4)]
[(R, 4), (R, 8), (L, 6), (L, 2), (R, 4), (R, 4), (R, 8), (R, 8)]
[(R, 8), (L, 6), (L, 2)]

[(R, 8), (R, 8), (R, 4)]
[(R, 4), (R, 8), (L, 6), (L, 2), (R, 4), (R, 4), (R, 8), (R, 8)]
[(R, 8), (L, 6), (L, 2)]

[(R, 8), (R, 8), (R, 4)]
[(R, 4), (R, 8), (L, 6), (L, 2), (R, 4), (R, 4), (R, 8), (R, 8)]
[(R, 8), (L, 6), (L, 2)]

[(R, 8), (R, 8), (R, 4)]
[(R, 4), (R, 8), (L, 6), (L, 2), (R, 4), (R, 4), (R, 8), (R, 8)]
[(R, 8), (L, 6), (L, 2)]

[(R, 8), (R, 8), (R, 4)]
[(R, 4), (R, 8), (L, 6), (L, 2), (R, 4), (R, 4), (R, 8), (R, 8)]
[(R, 8), (L, 6), (L, 2)]

[(R, 8), (R, 8), (R, 4)]
[(R, 4), (R, 8), (L, 6), (L, 2), (R, 4), (R, 4), (R, 8), (R, 8), (R, 8)]
[(L, 6), (L, 2)]

[(R, 8), (R, 8), (R, 4)]
[(R, 4), (R, 8), (L, 6), (L, 2), (R, 4), (R, 4), (R, 8), (R, 8), (R, 8)]
[(L, 6), (L, 2)]

[(R, 8), (R, 8), (R, 4)]
[(R, 4), (R, 8), (L, 6), (L, 2), (R, 4), (R, 4), (R, 8), (R, 8), (R, 8)]
[(L, 6), (L, 2)]

[(R, 8), (R, 8), (R, 4)]
[(R, 4), (R, 8), (L, 6), (L, 2), (R, 4), (R, 4), (R, 8), (R, 8), (R, 8)]
[(L, 6), (L, 2)]

[(R, 8), (R, 8), (R, 4)]
[(R, 4), (R, 8), (L, 6), (L, 2), (R, 4), (R, 4), (R, 8), (R, 8), (R, 8)]
[(L, 6), (L, 2)]

[(R, 8), (R, 8), (R, 4)]
[(R, 4), (R, 8), (L, 6), (L, 2), (R, 4), (R, 4), (R, 8), (R, 8), (R, 8)]
[(L, 6), (L, 2)]

[(R, 8), (R, 8), (R, 4)]
[(R, 4), (R, 8), (L, 6), (L, 2), (R, 4), (R, 4), (R, 8), (R, 8), (R, 8)]
[(L, 6), (L, 2)]

[(R, 8), (R, 8), (R, 4)]
[(R, 4), (R, 8), (L, 6), (L, 2), (R, 4), (R, 4), (R, 8), (R, 8), (R, 8)]
[(L, 6), (L, 2)]

[(R, 8), (R, 8), (R, 4), (R, 4)]
[(R, 8), (L, 6)]
[(L, 2), (R, 4), (R, 4), (R, 8), (R, 8), (R, 8), (L, 6), (L, 2)]

[(R, 8), (R, 8), (R, 4), (R, 4)]
[(R, 8), (L, 6)]
[(L, 2), (R, 4), (R, 4), (R, 8), (R, 8), (R, 8), (L, 6), (L, 2)]

[(R, 8), (R, 8), (R, 4), (R, 4)]
[(R, 8), (L, 6), (L, 2)]
[(R, 4), (R, 4), (R, 8), (R, 8), (R, 8), (L, 6), (L, 2)]

[(R, 8), (R, 8), (R, 4), (R, 4)]
[(R, 8), (L, 6), (L, 2)]
[(R, 4), (R, 4), (R, 8), (R, 8), (R, 8), (L, 6), (L, 2)]

[(R, 8), (R, 8), (R, 4), (R, 4)]
[(R, 8), (L, 6), (L, 2)]
[(R, 4), (R, 4), (R, 8), (R, 8), (R, 8), (L, 6), (L, 2)]

[(R, 8), (R, 8), (R, 4), (R, 4)]
[(R, 8), (L, 6), (L, 2), (R, 4)]
[(R, 4), (R, 8), (R, 8), (R, 8), (L, 6), (L, 2)]

[(R, 8), (R, 8), (R, 4), (R, 4)]
[(R, 8), (L, 6), (L, 2), (R, 4)]
[(R, 4), (R, 8), (R, 8), (R, 8), (L, 6), (L, 2)]

[(R, 8), (R, 8), (R, 4), (R, 4)]
[(R, 8), (L, 6), (L, 2), (R, 4)]
[(R, 4), (R, 8), (R, 8), (R, 8), (L, 6), (L, 2)]

[(R, 8), (R, 8), (R, 4), (R, 4)]
[(R, 8), (L, 6), (L, 2), (R, 4)]
[(R, 4), (R, 8), (R, 8), (R, 8), (L, 6), (L, 2)]

[(R, 8), (R, 8), (R, 4), (R, 4)]
[(R, 8), (L, 6), (L, 2), (R, 4), (R, 4)]
[(R, 8), (R, 8), (R, 8), (L, 6), (L, 2)]

[(R, 8), (R, 8), (R, 4), (R, 4)]
[(R, 8), (L, 6), (L, 2), (R, 4), (R, 4)]
[(R, 8), (R, 8), (R, 8), (L, 6), (L, 2)]

[(R, 8), (R, 8), (R, 4), (R, 4)]
[(R, 8), (L, 6), (L, 2), (R, 4), (R, 4)]
[(R, 8), (R, 8), (R, 8), (L, 6), (L, 2)]

[(R, 8), (R, 8), (R, 4), (R, 4)]
[(R, 8), (L, 6), (L, 2), (R, 4), (R, 4)]
[(R, 8), (R, 8), (R, 8), (L, 6), (L, 2)]

[(R, 8), (R, 8), (R, 4), (R, 4)]
[(R, 8), (L, 6), (L, 2), (R, 4), (R, 4)]
[(R, 8), (R, 8), (R, 8), (L, 6), (L, 2)]

[(R, 8), (R, 8), (R, 4), (R, 4)]
[(R, 8), (L, 6), (L, 2), (R, 4), (R, 4), (R, 8)]
[(R, 8), (R, 8), (L, 6), (L, 2)]

[(R, 8), (R, 8), (R, 4), (R, 4)]
[(R, 8), (L, 6), (L, 2), (R, 4), (R, 4), (R, 8)]
[(R, 8), (R, 8), (L, 6), (L, 2)]

[(R, 8), (R, 8), (R, 4), (R, 4)]
[(R, 8), (L, 6), (L, 2), (R, 4), (R, 4), (R, 8)]
[(R, 8), (R, 8), (L, 6), (L, 2)]

[(R, 8), (R, 8), (R, 4), (R, 4)]
[(R, 8), (L, 6), (L, 2), (R, 4), (R, 4), (R, 8)]
[(R, 8), (R, 8), (L, 6), (L, 2)]

[(R, 8), (R, 8), (R, 4), (R, 4)]
[(R, 8), (L, 6), (L, 2), (R, 4), (R, 4), (R, 8)]
[(R, 8), (R, 8), (L, 6), (L, 2)]

[(R, 8), (R, 8), (R, 4), (R, 4)]
[(R, 8), (L, 6), (L, 2), (R, 4), (R, 4), (R, 8)]
[(R, 8), (R, 8), (L, 6), (L, 2)]

[(R, 8), (R, 8), (R, 4), (R, 4)]
[(R, 8), (L, 6), (L, 2), (R, 4), (R, 4), (R, 8), (R, 8)]
[(R, 8), (L, 6), (L, 2)]

[(R, 8), (R, 8), (R, 4), (R, 4)]
[(R, 8), (L, 6), (L, 2), (R, 4), (R, 4), (R, 8), (R, 8)]
[(R, 8), (L, 6), (L, 2)]

[(R, 8), (R, 8), (R, 4), (R, 4)]
[(R, 8), (L, 6), (L, 2), (R, 4), (R, 4), (R, 8), (R, 8)]
[(R, 8), (L, 6), (L, 2)]

[(R, 8), (R, 8), (R, 4), (R, 4)]
[(R, 8), (L, 6), (L, 2), (R, 4), (R, 4), (R, 8), (R, 8)]
[(R, 8), (L, 6), (L, 2)]

[(R, 8), (R, 8), (R, 4), (R, 4)]
[(R, 8), (L, 6), (L, 2), (R, 4), (R, 4), (R, 8), (R, 8)]
[(R, 8), (L, 6), (L, 2)]

[(R, 8), (R, 8), (R, 4), (R, 4)]
[(R, 8), (L, 6), (L, 2), (R, 4), (R, 4), (R, 8), (R, 8)]
[(R, 8), (L, 6), (L, 2)]

[(R, 8), (R, 8), (R, 4), (R, 4)]
[(R, 8), (L, 6), (L, 2), (R, 4), (R, 4), (R, 8), (R, 8)]
[(R, 8), (L, 6), (L, 2)]

[(R, 8), (R, 8), (R, 4), (R, 4)]
[(R, 8), (L, 6), (L, 2), (R, 4), (R, 4), (R, 8), (R, 8), (R, 8)]
[(L, 6), (L, 2)]

[(R, 8), (R, 8), (R, 4), (R, 4)]
[(R, 8), (L, 6), (L, 2), (R, 4), (R, 4), (R, 8), (R, 8), (R, 8)]
[(L, 6), (L, 2)]

[(R, 8), (R, 8), (R, 4), (R, 4)]
[(R, 8), (L, 6), (L, 2), (R, 4), (R, 4), (R, 8), (R, 8), (R, 8)]
[(L, 6), (L, 2)]

[(R, 8), (R, 8), (R, 4), (R, 4)]
[(R, 8), (L, 6), (L, 2), (R, 4), (R, 4), (R, 8), (R, 8), (R, 8)]
[(L, 6), (L, 2)]

[(R, 8), (R, 8), (R, 4), (R, 4)]
[(R, 8), (L, 6), (L, 2), (R, 4), (R, 4), (R, 8), (R, 8), (R, 8)]
[(L, 6), (L, 2)]

[(R, 8), (R, 8), (R, 4), (R, 4)]
[(R, 8), (L, 6), (L, 2), (R, 4), (R, 4), (R, 8), (R, 8), (R, 8)]
[(L, 6), (L, 2)]

[(R, 8), (R, 8), (R, 4), (R, 4)]
[(R, 8), (L, 6), (L, 2), (R, 4), (R, 4), (R, 8), (R, 8), (R, 8)]
[(L, 6), (L, 2)]

[(R, 8), (R, 8), (R, 4), (R, 4)]
[(R, 8), (L, 6), (L, 2), (R, 4), (R, 4), (R, 8), (R, 8), (R, 8)]
[(L, 6), (L, 2)]

[(R, 8), (R, 8), (R, 4), (R, 4)]
[(R, 8), (L, 6), (L, 2), (R, 4), (R, 4), (R, 8), (R, 8), (R, 8), (L, 6)]
[(L, 2)]

[(R, 8), (R, 8), (R, 4), (R, 4)]
[(R, 8), (L, 6), (L, 2), (R, 4), (R, 4), (R, 8), (R, 8), (R, 8), (L, 6)]
[(L, 2)]

[(R, 8), (R, 8), (R, 4), (R, 4)]
[(R, 8), (L, 6), (L, 2), (R, 4), (R, 4), (R, 8), (R, 8), (R, 8), (L, 6)]
[(L, 2)]

[(R, 8), (R, 8), (R, 4), (R, 4)]
[(R, 8), (L, 6), (L, 2), (R, 4), (R, 4), (R, 8), (R, 8), (R, 8), (L, 6)]
[(L, 2)]

[(R, 8), (R, 8), (R, 4), (R, 4)]
[(R, 8), (L, 6), (L, 2), (R, 4), (R, 4), (R, 8), (R, 8), (R, 8), (L, 6)]
[(L, 2)]

[(R, 8), (R, 8), (R, 4), (R, 4)]
[(R, 8), (L, 6), (L, 2), (R, 4), (R, 4), (R, 8), (R, 8), (R, 8), (L, 6)]
[(L, 2)]

[(R, 8), (R, 8), (R, 4), (R, 4)]
[(R, 8), (L, 6), (L, 2), (R, 4), (R, 4), (R, 8), (R, 8), (R, 8), (L, 6)]
[(L, 2)]

[(R, 8), (R, 8), (R, 4), (R, 4)]
[(R, 8), (L, 6), (L, 2), (R, 4), (R, 4), (R, 8), (R, 8), (R, 8), (L, 6)]
[(L, 2)]

[(R, 8), (R, 8), (R, 4), (R, 4)]
[(R, 8), (L, 6), (L, 2), (R, 4), (R, 4), (R, 8), (R, 8), (R, 8), (L, 6)]
[(L, 2)]

[(R, 8), (R, 8), (R, 4), (R, 4), (R, 8)]
[(L, 6), (L, 2)]
[(R, 4), (R, 4), (R, 8), (R, 8), (R, 8), (L, 6), (L, 2)]

[(R, 8), (R, 8), (R, 4), (R, 4), (R, 8)]
[(L, 6), (L, 2)]
[(R, 4), (R, 4), (R, 8), (R, 8), (R, 8), (L, 6), (L, 2)]

[(R, 8), (R, 8), (R, 4), (R, 4), (R, 8)]
[(L, 6), (L, 2)]
[(R, 4), (R, 4), (R, 8), (R, 8), (R, 8), (L, 6), (L, 2)]

[(R, 8), (R, 8), (R, 4), (R, 4), (R, 8)]
[(L, 6), (L, 2), (R, 4)]
[(R, 4), (R, 8), (R, 8), (R, 8), (L, 6), (L, 2)]

[(R, 8), (R, 8), (R, 4), (R, 4), (R, 8)]
[(L, 6), (L, 2), (R, 4)]
[(R, 4), (R, 8), (R, 8), (R, 8), (L, 6), (L, 2)]

[(R, 8), (R, 8), (R, 4), (R, 4), (R, 8)]
[(L, 6), (L, 2), (R, 4)]
[(R, 4), (R, 8), (R, 8), (R, 8), (L, 6), (L, 2)]

[(R, 8), (R, 8), (R, 4), (R, 4), (R, 8)]
[(L, 6), (L, 2), (R, 4)]
[(R, 4), (R, 8), (R, 8), (R, 8), (L, 6), (L, 2)]

[(R, 8), (R, 8), (R, 4), (R, 4), (R, 8)]
[(L, 6), (L, 2), (R, 4), (R, 4)]
[(R, 8), (R, 8), (R, 8), (L, 6), (L, 2)]

[(R, 8), (R, 8), (R, 4), (R, 4), (R, 8)]
[(L, 6), (L, 2), (R, 4), (R, 4)]
[(R, 8), (R, 8), (R, 8), (L, 6), (L, 2)]

[(R, 8), (R, 8), (R, 4), (R, 4), (R, 8)]
[(L, 6), (L, 2), (R, 4), (R, 4)]
[(R, 8), (R, 8), (R, 8), (L, 6), (L, 2)]

[(R, 8), (R, 8), (R, 4), (R, 4), (R, 8)]
[(L, 6), (L, 2), (R, 4), (R, 4)]
[(R, 8), (R, 8), (R, 8), (L, 6), (L, 2)]

[(R, 8), (R, 8), (R, 4), (R, 4), (R, 8)]
[(L, 6), (L, 2), (R, 4), (R, 4)]
[(R, 8), (R, 8), (R, 8), (L, 6), (L, 2)]

[(R, 8), (R, 8), (R, 4), (R, 4), (R, 8)]
[(L, 6), (L, 2), (R, 4), (R, 4), (R, 8)]
[(R, 8), (R, 8), (L, 6), (L, 2)]

[(R, 8), (R, 8), (R, 4), (R, 4), (R, 8)]
[(L, 6), (L, 2), (R, 4), (R, 4), (R, 8)]
[(R, 8), (R, 8), (L, 6), (L, 2)]

[(R, 8), (R, 8), (R, 4), (R, 4), (R, 8)]
[(L, 6), (L, 2), (R, 4), (R, 4), (R, 8)]
[(R, 8), (R, 8), (L, 6), (L, 2)]

[(R, 8), (R, 8), (R, 4), (R, 4), (R, 8)]
[(L, 6), (L, 2), (R, 4), (R, 4), (R, 8)]
[(R, 8), (R, 8), (L, 6), (L, 2)]

[(R, 8), (R, 8), (R, 4), (R, 4), (R, 8)]
[(L, 6), (L, 2), (R, 4), (R, 4), (R, 8)]
[(R, 8), (R, 8), (L, 6), (L, 2)]

[(R, 8), (R, 8), (R, 4), (R, 4), (R, 8)]
[(L, 6), (L, 2), (R, 4), (R, 4), (R, 8)]
[(R, 8), (R, 8), (L, 6), (L, 2)]

[(R, 8), (R, 8), (R, 4), (R, 4), (R, 8)]
[(L, 6), (L, 2), (R, 4), (R, 4), (R, 8), (R, 8)]
[(R, 8), (L, 6), (L, 2)]

[(R, 8), (R, 8), (R, 4), (R, 4), (R, 8)]
[(L, 6), (L, 2), (R, 4), (R, 4), (R, 8), (R, 8)]
[(R, 8), (L, 6), (L, 2)]

[(R, 8), (R, 8), (R, 4), (R, 4), (R, 8)]
[(L, 6), (L, 2), (R, 4), (R, 4), (R, 8), (R, 8)]
[(R, 8), (L, 6), (L, 2)]

[(R, 8), (R, 8), (R, 4), (R, 4), (R, 8)]
[(L, 6), (L, 2), (R, 4), (R, 4), (R, 8), (R, 8)]
[(R, 8), (L, 6), (L, 2)]

[(R, 8), (R, 8), (R, 4), (R, 4), (R, 8)]
[(L, 6), (L, 2), (R, 4), (R, 4), (R, 8), (R, 8)]
[(R, 8), (L, 6), (L, 2)]

[(R, 8), (R, 8), (R, 4), (R, 4), (R, 8)]
[(L, 6), (L, 2), (R, 4), (R, 4), (R, 8), (R, 8)]
[(R, 8), (L, 6), (L, 2)]

[(R, 8), (R, 8), (R, 4), (R, 4), (R, 8)]
[(L, 6), (L, 2), (R, 4), (R, 4), (R, 8), (R, 8)]
[(R, 8), (L, 6), (L, 2)]

[(R, 8), (R, 8), (R, 4), (R, 4), (R, 8)]
[(L, 6), (L, 2), (R, 4), (R, 4), (R, 8), (R, 8), (R, 8)]
[(L, 6), (L, 2)]

[(R, 8), (R, 8), (R, 4), (R, 4), (R, 8)]
[(L, 6), (L, 2), (R, 4), (R, 4), (R, 8), (R, 8), (R, 8)]
[(L, 6), (L, 2)]

[(R, 8), (R, 8), (R, 4), (R, 4), (R, 8)]
[(L, 6), (L, 2), (R, 4), (R, 4), (R, 8), (R, 8), (R, 8)]
[(L, 6), (L, 2)]

[(R, 8), (R, 8), (R, 4), (R, 4), (R, 8)]
[(L, 6), (L, 2), (R, 4), (R, 4), (R, 8), (R, 8), (R, 8)]
[(L, 6), (L, 2)]

[(R, 8), (R, 8), (R, 4), (R, 4), (R, 8)]
[(L, 6), (L, 2), (R, 4), (R, 4), (R, 8), (R, 8), (R, 8)]
[(L, 6), (L, 2)]

[(R, 8), (R, 8), (R, 4), (R, 4), (R, 8)]
[(L, 6), (L, 2), (R, 4), (R, 4), (R, 8), (R, 8), (R, 8)]
[(L, 6), (L, 2)]

[(R, 8), (R, 8), (R, 4), (R, 4), (R, 8)]
[(L, 6), (L, 2), (R, 4), (R, 4), (R, 8), (R, 8), (R, 8)]
[(L, 6), (L, 2)]

[(R, 8), (R, 8), (R, 4), (R, 4), (R, 8)]
[(L, 6), (L, 2), (R, 4), (R, 4), (R, 8), (R, 8), (R, 8)]
[(L, 6), (L, 2)]

[(R, 8), (R, 8), (R, 4), (R, 4), (R, 8)]
[(L, 6), (L, 2), (R, 4), (R, 4), (R, 8), (R, 8), (R, 8), (L, 6)]
[(L, 2)]

[(R, 8), (R, 8), (R, 4), (R, 4), (R, 8)]
[(L, 6), (L, 2), (R, 4), (R, 4), (R, 8), (R, 8), (R, 8), (L, 6)]
[(L, 2)]

[(R, 8), (R, 8), (R, 4), (R, 4), (R, 8)]
[(L, 6), (L, 2), (R, 4), (R, 4), (R, 8), (R, 8), (R, 8), (L, 6)]
[(L, 2)]

[(R, 8), (R, 8), (R, 4), (R, 4), (R, 8)]
[(L, 6), (L, 2), (R, 4), (R, 4), (R, 8), (R, 8), (R, 8), (L, 6)]
[(L, 2)]

[(R, 8), (R, 8), (R, 4), (R, 4), (R, 8)]
[(L, 6), (L, 2), (R, 4), (R, 4), (R, 8), (R, 8), (R, 8), (L, 6)]
[(L, 2)]

[(R, 8), (R, 8), (R, 4), (R, 4), (R, 8)]
[(L, 6), (L, 2), (R, 4), (R, 4), (R, 8), (R, 8), (R, 8), (L, 6)]
[(L, 2)]

[(R, 8), (R, 8), (R, 4), (R, 4), (R, 8)]
[(L, 6), (L, 2), (R, 4), (R, 4), (R, 8), (R, 8), (R, 8), (L, 6)]
[(L, 2)]

[(R, 8), (R, 8), (R, 4), (R, 4), (R, 8)]
[(L, 6), (L, 2), (R, 4), (R, 4), (R, 8), (R, 8), (R, 8), (L, 6)]
[(L, 2)]

[(R, 8), (R, 8), (R, 4), (R, 4), (R, 8)]
[(L, 6), (L, 2), (R, 4), (R, 4), (R, 8), (R, 8), (R, 8), (L, 6)]
[(L, 2)]

[(R, 8), (R, 8), (R, 4), (R, 4), (R, 8), (L, 6)]
[(L, 2), (R, 4)]
[(R, 4), (R, 8), (R, 8), (R, 8), (L, 6), (L, 2)]

[(R, 8), (R, 8), (R, 4), (R, 4), (R, 8), (L, 6)]
[(L, 2), (R, 4)]
[(R, 4), (R, 8), (R, 8), (R, 8), (L, 6), (L, 2)]

[(R, 8), (R, 8), (R, 4), (R, 4), (R, 8), (L, 6)]
[(L, 2), (R, 4)]
[(R, 4), (R, 8), (R, 8), (R, 8), (L, 6), (L, 2)]

[(R, 8), (R, 8), (R, 4), (R, 4), (R, 8), (L, 6)]
[(L, 2), (R, 4)]
[(R, 4), (R, 8), (R, 8), (R, 8), (L, 6), (L, 2)]

[(R, 8), (R, 8), (R, 4), (R, 4), (R, 8), (L, 6)]
[(L, 2), (R, 4), (R, 4)]
[(R, 8), (R, 8), (R, 8), (L, 6), (L, 2)]

[(R, 8), (R, 8), (R, 4), (R, 4), (R, 8), (L, 6)]
[(L, 2), (R, 4), (R, 4)]
[(R, 8), (R, 8), (R, 8), (L, 6), (L, 2)]

[(R, 8), (R, 8), (R, 4), (R, 4), (R, 8), (L, 6)]
[(L, 2), (R, 4), (R, 4)]
[(R, 8), (R, 8), (R, 8), (L, 6), (L, 2)]

[(R, 8), (R, 8), (R, 4), (R, 4), (R, 8), (L, 6)]
[(L, 2), (R, 4), (R, 4)]
[(R, 8), (R, 8), (R, 8), (L, 6), (L, 2)]

[(R, 8), (R, 8), (R, 4), (R, 4), (R, 8), (L, 6)]
[(L, 2), (R, 4), (R, 4)]
[(R, 8), (R, 8), (R, 8), (L, 6), (L, 2)]

[(R, 8), (R, 8), (R, 4), (R, 4), (R, 8), (L, 6)]
[(L, 2), (R, 4), (R, 4), (R, 8)]
[(R, 8), (R, 8), (L, 6), (L, 2)]

[(R, 8), (R, 8), (R, 4), (R, 4), (R, 8), (L, 6)]
[(L, 2), (R, 4), (R, 4), (R, 8)]
[(R, 8), (R, 8), (L, 6), (L, 2)]

[(R, 8), (R, 8), (R, 4), (R, 4), (R, 8), (L, 6)]
[(L, 2), (R, 4), (R, 4), (R, 8)]
[(R, 8), (R, 8), (L, 6), (L, 2)]

[(R, 8), (R, 8), (R, 4), (R, 4), (R, 8), (L, 6)]
[(L, 2), (R, 4), (R, 4), (R, 8)]
[(R, 8), (R, 8), (L, 6), (L, 2)]

[(R, 8), (R, 8), (R, 4), (R, 4), (R, 8), (L, 6)]
[(L, 2), (R, 4), (R, 4), (R, 8)]
[(R, 8), (R, 8), (L, 6), (L, 2)]

[(R, 8), (R, 8), (R, 4), (R, 4), (R, 8), (L, 6)]
[(L, 2), (R, 4), (R, 4), (R, 8)]
[(R, 8), (R, 8), (L, 6), (L, 2)]

[(R, 8), (R, 8), (R, 4), (R, 4), (R, 8), (L, 6)]
[(L, 2), (R, 4), (R, 4), (R, 8), (R, 8)]
[(R, 8), (L, 6), (L, 2)]

[(R, 8), (R, 8), (R, 4), (R, 4), (R, 8), (L, 6)]
[(L, 2), (R, 4), (R, 4), (R, 8), (R, 8)]
[(R, 8), (L, 6), (L, 2)]

[(R, 8), (R, 8), (R, 4), (R, 4), (R, 8), (L, 6)]
[(L, 2), (R, 4), (R, 4), (R, 8), (R, 8)]
[(R, 8), (L, 6), (L, 2)]

[(R, 8), (R, 8), (R, 4), (R, 4), (R, 8), (L, 6)]
[(L, 2), (R, 4), (R, 4), (R, 8), (R, 8)]
[(R, 8), (L, 6), (L, 2)]

[(R, 8), (R, 8), (R, 4), (R, 4), (R, 8), (L, 6)]
[(L, 2), (R, 4), (R, 4), (R, 8), (R, 8)]
[(R, 8), (L, 6), (L, 2)]

[(R, 8), (R, 8), (R, 4), (R, 4), (R, 8), (L, 6)]
[(L, 2), (R, 4), (R, 4), (R, 8), (R, 8)]
[(R, 8), (L, 6), (L, 2)]

[(R, 8), (R, 8), (R, 4), (R, 4), (R, 8), (L, 6)]
[(L, 2), (R, 4), (R, 4), (R, 8), (R, 8)]
[(R, 8), (L, 6), (L, 2)]

[(R, 8), (R, 8), (R, 4), (R, 4), (R, 8), (L, 6)]
[(L, 2), (R, 4), (R, 4), (R, 8), (R, 8), (R, 8)]
[(L, 6), (L, 2)]

[(R, 8), (R, 8), (R, 4), (R, 4), (R, 8), (L, 6)]
[(L, 2), (R, 4), (R, 4), (R, 8), (R, 8), (R, 8)]
[(L, 6), (L, 2)]

[(R, 8), (R, 8), (R, 4), (R, 4), (R, 8), (L, 6)]
[(L, 2), (R, 4), (R, 4), (R, 8), (R, 8), (R, 8)]
[(L, 6), (L, 2)]

[(R, 8), (R, 8), (R, 4), (R, 4), (R, 8), (L, 6)]
[(L, 2), (R, 4), (R, 4), (R, 8), (R, 8), (R, 8)]
[(L, 6), (L, 2)]

[(R, 8), (R, 8), (R, 4), (R, 4), (R, 8), (L, 6)]
[(L, 2), (R, 4), (R, 4), (R, 8), (R, 8), (R, 8)]
[(L, 6), (L, 2)]

[(R, 8), (R, 8), (R, 4), (R, 4), (R, 8), (L, 6)]
[(L, 2), (R, 4), (R, 4), (R, 8), (R, 8), (R, 8)]
[(L, 6), (L, 2)]

[(R, 8), (R, 8), (R, 4), (R, 4), (R, 8), (L, 6)]
[(L, 2), (R, 4), (R, 4), (R, 8), (R, 8), (R, 8)]
[(L, 6), (L, 2)]

[(R, 8), (R, 8), (R, 4), (R, 4), (R, 8), (L, 6)]
[(L, 2), (R, 4), (R, 4), (R, 8), (R, 8), (R, 8)]
[(L, 6), (L, 2)]

[(R, 8), (R, 8), (R, 4), (R, 4), (R, 8), (L, 6)]
[(L, 2), (R, 4), (R, 4), (R, 8), (R, 8), (R, 8), (L, 6)]
[(L, 2)]

[(R, 8), (R, 8), (R, 4), (R, 4), (R, 8), (L, 6)]
[(L, 2), (R, 4), (R, 4), (R, 8), (R, 8), (R, 8), (L, 6)]
[(L, 2)]

[(R, 8), (R, 8), (R, 4), (R, 4), (R, 8), (L, 6)]
[(L, 2), (R, 4), (R, 4), (R, 8), (R, 8), (R, 8), (L, 6)]
[(L, 2)]

[(R, 8), (R, 8), (R, 4), (R, 4), (R, 8), (L, 6)]
[(L, 2), (R, 4), (R, 4), (R, 8), (R, 8), (R, 8), (L, 6)]
[(L, 2)]

[(R, 8), (R, 8), (R, 4), (R, 4), (R, 8), (L, 6)]
[(L, 2), (R, 4), (R, 4), (R, 8), (R, 8), (R, 8), (L, 6)]
[(L, 2)]

[(R, 8), (R, 8), (R, 4), (R, 4), (R, 8), (L, 6)]
[(L, 2), (R, 4), (R, 4), (R, 8), (R, 8), (R, 8), (L, 6)]
[(L, 2)]

[(R, 8), (R, 8), (R, 4), (R, 4), (R, 8), (L, 6)]
[(L, 2), (R, 4), (R, 4), (R, 8), (R, 8), (R, 8), (L, 6)]
[(L, 2)]

[(R, 8), (R, 8), (R, 4), (R, 4), (R, 8), (L, 6)]
[(L, 2), (R, 4), (R, 4), (R, 8), (R, 8), (R, 8), (L, 6)]
[(L, 2)]

[(R, 8), (R, 8), (R, 4), (R, 4), (R, 8), (L, 6)]
[(L, 2), (R, 4), (R, 4), (R, 8), (R, 8), (R, 8), (L, 6)]
[(L, 2)]

[(R, 8), (R, 8), (R, 4), (R, 4), (R, 8), (L, 6), (L, 2)]
[(R, 4), (R, 4)]
[(R, 8), (R, 8), (R, 8), (L, 6), (L, 2)]

[(R, 8), (R, 8), (R, 4), (R, 4), (R, 8), (L, 6), (L, 2)]
[(R, 4), (R, 4)]
[(R, 8), (R, 8), (R, 8), (L, 6), (L, 2)]

[(R, 8), (R, 8), (R, 4), (R, 4), (R, 8), (L, 6), (L, 2)]
[(R, 4), (R, 4)]
[(R, 8), (R, 8), (R, 8), (L, 6), (L, 2)]

[(R, 8), (R, 8), (R, 4), (R, 4), (R, 8), (L, 6), (L, 2)]
[(R, 4), (R, 4)]
[(R, 8), (R, 8), (R, 8), (L, 6), (L, 2)]

[(R, 8), (R, 8), (R, 4), (R, 4), (R, 8), (L, 6), (L, 2)]
[(R, 4), (R, 4)]
[(R, 8), (R, 8), (R, 8), (L, 6), (L, 2)]

[(R, 8), (R, 8), (R, 4), (R, 4), (R, 8), (L, 6), (L, 2)]
[(R, 4), (R, 4), (R, 8)]
[(R, 8), (R, 8), (L, 6), (L, 2)]

[(R, 8), (R, 8), (R, 4), (R, 4), (R, 8), (L, 6), (L, 2)]
[(R, 4), (R, 4), (R, 8)]
[(R, 8), (R, 8), (L, 6), (L, 2)]

[(R, 8), (R, 8), (R, 4), (R, 4), (R, 8), (L, 6), (L, 2)]
[(R, 4), (R, 4), (R, 8)]
[(R, 8), (R, 8), (L, 6), (L, 2)]

[(R, 8), (R, 8), (R, 4), (R, 4), (R, 8), (L, 6), (L, 2)]
[(R, 4), (R, 4), (R, 8)]
[(R, 8), (R, 8), (L, 6), (L, 2)]

[(R, 8), (R, 8), (R, 4), (R, 4), (R, 8), (L, 6), (L, 2)]
[(R, 4), (R, 4), (R, 8)]
[(R, 8), (R, 8), (L, 6), (L, 2)]

[(R, 8), (R, 8), (R, 4), (R, 4), (R, 8), (L, 6), (L, 2)]
[(R, 4), (R, 4), (R, 8)]
[(R, 8), (R, 8), (L, 6), (L, 2)]

[(R, 8), (R, 8), (R, 4), (R, 4), (R, 8), (L, 6), (L, 2)]
[(R, 4), (R, 4), (R, 8), (R, 8)]
[(R, 8), (L, 6), (L, 2)]

[(R, 8), (R, 8), (R, 4), (R, 4), (R, 8), (L, 6), (L, 2)]
[(R, 4), (R, 4), (R, 8), (R, 8)]
[(R, 8), (L, 6), (L, 2)]

[(R, 8), (R, 8), (R, 4), (R, 4), (R, 8), (L, 6), (L, 2)]
[(R, 4), (R, 4), (R, 8), (R, 8)]
[(R, 8), (L, 6), (L, 2)]

[(R, 8), (R, 8), (R, 4), (R, 4), (R, 8), (L, 6), (L, 2)]
[(R, 4), (R, 4), (R, 8), (R, 8)]
[(R, 8), (L, 6), (L, 2)]

[(R, 8), (R, 8), (R, 4), (R, 4), (R, 8), (L, 6), (L, 2)]
[(R, 4), (R, 4), (R, 8), (R, 8)]
[(R, 8), (L, 6), (L, 2)]

[(R, 8), (R, 8), (R, 4), (R, 4), (R, 8), (L, 6), (L, 2)]
[(R, 4), (R, 4), (R, 8), (R, 8)]
[(R, 8), (L, 6), (L, 2)]

[(R, 8), (R, 8), (R, 4), (R, 4), (R, 8), (L, 6), (L, 2)]
[(R, 4), (R, 4), (R, 8), (R, 8)]
[(R, 8), (L, 6), (L, 2)]

[(R, 8), (R, 8), (R, 4), (R, 4), (R, 8), (L, 6), (L, 2)]
[(R, 4), (R, 4), (R, 8), (R, 8), (R, 8)]
[(L, 6), (L, 2)]

[(R, 8), (R, 8), (R, 4), (R, 4), (R, 8), (L, 6), (L, 2)]
[(R, 4), (R, 4), (R, 8), (R, 8), (R, 8)]
[(L, 6), (L, 2)]

[(R, 8), (R, 8), (R, 4), (R, 4), (R, 8), (L, 6), (L, 2)]
[(R, 4), (R, 4), (R, 8), (R, 8), (R, 8)]
[(L, 6), (L, 2)]

[(R, 8), (R, 8), (R, 4), (R, 4), (R, 8), (L, 6), (L, 2)]
[(R, 4), (R, 4), (R, 8), (R, 8), (R, 8)]
[(L, 6), (L, 2)]

[(R, 8), (R, 8), (R, 4), (R, 4), (R, 8), (L, 6), (L, 2)]
[(R, 4), (R, 4), (R, 8), (R, 8), (R, 8)]
[(L, 6), (L, 2)]

[(R, 8), (R, 8), (R, 4), (R, 4), (R, 8), (L, 6), (L, 2)]
[(R, 4), (R, 4), (R, 8), (R, 8), (R, 8)]
[(L, 6), (L, 2)]

[(R, 8), (R, 8), (R, 4), (R, 4), (R, 8), (L, 6), (L, 2)]
[(R, 4), (R, 4), (R, 8), (R, 8), (R, 8)]
[(L, 6), (L, 2)]

[(R, 8), (R, 8), (R, 4), (R, 4), (R, 8), (L, 6), (L, 2)]
[(R, 4), (R, 4), (R, 8), (R, 8), (R, 8)]
[(L, 6), (L, 2)]

[(R, 8), (R, 8), (R, 4), (R, 4), (R, 8), (L, 6), (L, 2)]
[(R, 4), (R, 4), (R, 8), (R, 8), (R, 8), (L, 6)]
[(L, 2)]

[(R, 8), (R, 8), (R, 4), (R, 4), (R, 8), (L, 6), (L, 2)]
[(R, 4), (R, 4), (R, 8), (R, 8), (R, 8), (L, 6)]
[(L, 2)]

[(R, 8), (R, 8), (R, 4), (R, 4), (R, 8), (L, 6), (L, 2)]
[(R, 4), (R, 4), (R, 8), (R, 8), (R, 8), (L, 6)]
[(L, 2)]

[(R, 8), (R, 8), (R, 4), (R, 4), (R, 8), (L, 6), (L, 2)]
[(R, 4), (R, 4), (R, 8), (R, 8), (R, 8), (L, 6)]
[(L, 2)]

[(R, 8), (R, 8), (R, 4), (R, 4), (R, 8), (L, 6), (L, 2)]
[(R, 4), (R, 4), (R, 8), (R, 8), (R, 8), (L, 6)]
[(L, 2)]

[(R, 8), (R, 8), (R, 4), (R, 4), (R, 8), (L, 6), (L, 2)]
[(R, 4), (R, 4), (R, 8), (R, 8), (R, 8), (L, 6)]
[(L, 2)]

[(R, 8), (R, 8), (R, 4), (R, 4), (R, 8), (L, 6), (L, 2)]
[(R, 4), (R, 4), (R, 8), (R, 8), (R, 8), (L, 6)]
[(L, 2)]

[(R, 8), (R, 8), (R, 4), (R, 4), (R, 8), (L, 6), (L, 2)]
[(R, 4), (R, 4), (R, 8), (R, 8), (R, 8), (L, 6)]
[(L, 2)]

[(R, 8), (R, 8), (R, 4), (R, 4), (R, 8), (L, 6), (L, 2)]
[(R, 4), (R, 4), (R, 8), (R, 8), (R, 8), (L, 6)]
[(L, 2)]

[(R, 8), (R, 8), (R, 4), (R, 4), (R, 8), (L, 6), (L, 2), (R, 4)]
[(R, 4)]
[(R, 8), (R, 8), (R, 8), (L, 6), (L, 2)]

[(R, 8), (R, 8), (R, 4), (R, 4), (R, 8), (L, 6), (L, 2), (R, 4)]
[(R, 4)]
[(R, 8), (R, 8), (R, 8), (L, 6), (L, 2)]

[(R, 8), (R, 8), (R, 4), (R, 4), (R, 8), (L, 6), (L, 2), (R, 4)]
[(R, 4)]
[(R, 8), (R, 8), (R, 8), (L, 6), (L, 2)]

[(R, 8), (R, 8), (R, 4), (R, 4), (R, 8), (L, 6), (L, 2), (R, 4)]
[(R, 4)]
[(R, 8), (R, 8), (R, 8), (L, 6), (L, 2)]

[(R, 8), (R, 8), (R, 4), (R, 4), (R, 8), (L, 6), (L, 2), (R, 4)]
[(R, 4)]
[(R, 8), (R, 8), (R, 8), (L, 6), (L, 2)]

[(R, 8), (R, 8), (R, 4), (R, 4), (R, 8), (L, 6), (L, 2), (R, 4)]
[(R, 4), (R, 8)]
[(R, 8), (R, 8), (L, 6), (L, 2)]

[(R, 8), (R, 8), (R, 4), (R, 4), (R, 8), (L, 6), (L, 2), (R, 4)]
[(R, 4), (R, 8)]
[(R, 8), (R, 8), (L, 6), (L, 2)]

[(R, 8), (R, 8), (R, 4), (R, 4), (R, 8), (L, 6), (L, 2), (R, 4)]
[(R, 4), (R, 8)]
[(R, 8), (R, 8), (L, 6), (L, 2)]

[(R, 8), (R, 8), (R, 4), (R, 4), (R, 8), (L, 6), (L, 2), (R, 4)]
[(R, 4), (R, 8)]
[(R, 8), (R, 8), (L, 6), (L, 2)]

[(R, 8), (R, 8), (R, 4), (R, 4), (R, 8), (L, 6), (L, 2), (R, 4)]
[(R, 4), (R, 8)]
[(R, 8), (R, 8), (L, 6), (L, 2)]

[(R, 8), (R, 8), (R, 4), (R, 4), (R, 8), (L, 6), (L, 2), (R, 4)]
[(R, 4), (R, 8)]
[(R, 8), (R, 8), (L, 6), (L, 2)]

[(R, 8), (R, 8), (R, 4), (R, 4), (R, 8), (L, 6), (L, 2), (R, 4)]
[(R, 4), (R, 8), (R, 8)]
[(R, 8), (L, 6), (L, 2)]

[(R, 8), (R, 8), (R, 4), (R, 4), (R, 8), (L, 6), (L, 2), (R, 4)]
[(R, 4), (R, 8), (R, 8)]
[(R, 8), (L, 6), (L, 2)]

[(R, 8), (R, 8), (R, 4), (R, 4), (R, 8), (L, 6), (L, 2), (R, 4)]
[(R, 4), (R, 8), (R, 8)]
[(R, 8), (L, 6), (L, 2)]

[(R, 8), (R, 8), (R, 4), (R, 4), (R, 8), (L, 6), (L, 2), (R, 4)]
[(R, 4), (R, 8), (R, 8)]
[(R, 8), (L, 6), (L, 2)]

[(R, 8), (R, 8), (R, 4), (R, 4), (R, 8), (L, 6), (L, 2), (R, 4)]
[(R, 4), (R, 8), (R, 8)]
[(R, 8), (L, 6), (L, 2)]

[(R, 8), (R, 8), (R, 4), (R, 4), (R, 8), (L, 6), (L, 2), (R, 4)]
[(R, 4), (R, 8), (R, 8)]
[(R, 8), (L, 6), (L, 2)]

[(R, 8), (R, 8), (R, 4), (R, 4), (R, 8), (L, 6), (L, 2), (R, 4)]
[(R, 4), (R, 8), (R, 8)]
[(R, 8), (L, 6), (L, 2)]

[(R, 8), (R, 8), (R, 4), (R, 4), (R, 8), (L, 6), (L, 2), (R, 4)]
[(R, 4), (R, 8), (R, 8), (R, 8)]
[(L, 6), (L, 2)]

[(R, 8), (R, 8), (R, 4), (R, 4), (R, 8), (L, 6), (L, 2), (R, 4)]
[(R, 4), (R, 8), (R, 8), (R, 8)]
[(L, 6), (L, 2)]

[(R, 8), (R, 8), (R, 4), (R, 4), (R, 8), (L, 6), (L, 2), (R, 4)]
[(R, 4), (R, 8), (R, 8), (R, 8)]
[(L, 6), (L, 2)]

[(R, 8), (R, 8), (R, 4), (R, 4), (R, 8), (L, 6), (L, 2), (R, 4)]
[(R, 4), (R, 8), (R, 8), (R, 8)]
[(L, 6), (L, 2)]

[(R, 8), (R, 8), (R, 4), (R, 4), (R, 8), (L, 6), (L, 2), (R, 4)]
[(R, 4), (R, 8), (R, 8), (R, 8)]
[(L, 6), (L, 2)]

[(R, 8), (R, 8), (R, 4), (R, 4), (R, 8), (L, 6), (L, 2), (R, 4)]
[(R, 4), (R, 8), (R, 8), (R, 8)]
[(L, 6), (L, 2)]

[(R, 8), (R, 8), (R, 4), (R, 4), (R, 8), (L, 6), (L, 2), (R, 4)]
[(R, 4), (R, 8), (R, 8), (R, 8)]
[(L, 6), (L, 2)]

[(R, 8), (R, 8), (R, 4), (R, 4), (R, 8), (L, 6), (L, 2), (R, 4)]
[(R, 4), (R, 8), (R, 8), (R, 8)]
[(L, 6), (L, 2)]

[(R, 8), (R, 8), (R, 4), (R, 4), (R, 8), (L, 6), (L, 2), (R, 4)]
[(R, 4), (R, 8), (R, 8), (R, 8), (L, 6)]
[(L, 2)]

[(R, 8), (R, 8), (R, 4), (R, 4), (R, 8), (L, 6), (L, 2), (R, 4)]
[(R, 4), (R, 8), (R, 8), (R, 8), (L, 6)]
[(L, 2)]

[(R, 8), (R, 8), (R, 4), (R, 4), (R, 8), (L, 6), (L, 2), (R, 4)]
[(R, 4), (R, 8), (R, 8), (R, 8), (L, 6)]
[(L, 2)]

[(R, 8), (R, 8), (R, 4), (R, 4), (R, 8), (L, 6), (L, 2), (R, 4)]
[(R, 4), (R, 8), (R, 8), (R, 8), (L, 6)]
[(L, 2)]

[(R, 8), (R, 8), (R, 4), (R, 4), (R, 8), (L, 6), (L, 2), (R, 4)]
[(R, 4), (R, 8), (R, 8), (R, 8), (L, 6)]
[(L, 2)]

[(R, 8), (R, 8), (R, 4), (R, 4), (R, 8), (L, 6), (L, 2), (R, 4)]
[(R, 4), (R, 8), (R, 8), (R, 8), (L, 6)]
[(L, 2)]

[(R, 8), (R, 8), (R, 4), (R, 4), (R, 8), (L, 6), (L, 2), (R, 4)]
[(R, 4), (R, 8), (R, 8), (R, 8), (L, 6)]
[(L, 2)]

[(R, 8), (R, 8), (R, 4), (R, 4), (R, 8), (L, 6), (L, 2), (R, 4)]
[(R, 4), (R, 8), (R, 8), (R, 8), (L, 6)]
[(L, 2)]

[(R, 8), (R, 8), (R, 4), (R, 4), (R, 8), (L, 6), (L, 2), (R, 4)]
[(R, 4), (R, 8), (R, 8), (R, 8), (L, 6)]
[(L, 2)]

[(R, 8), (R, 8), (R, 4), (R, 4), (R, 8), (L, 6), (L, 2), (R, 4), (R, 4)]
[(R, 8), (R, 8)]
[(R, 8), (L, 6), (L, 2)]

[(R, 8), (R, 8), (R, 4), (R, 4), (R, 8), (L, 6), (L, 2), (R, 4), (R, 4)]
[(R, 8), (R, 8)]
[(R, 8), (L, 6), (L, 2)]

[(R, 8), (R, 8), (R, 4), (R, 4), (R, 8), (L, 6), (L, 2), (R, 4), (R, 4)]
[(R, 8), (R, 8)]
[(R, 8), (L, 6), (L, 2)]

[(R, 8), (R, 8), (R, 4), (R, 4), (R, 8), (L, 6), (L, 2), (R, 4), (R, 4)]
[(R, 8), (R, 8)]
[(R, 8), (L, 6), (L, 2)]

[(R, 8), (R, 8), (R, 4), (R, 4), (R, 8), (L, 6), (L, 2), (R, 4), (R, 4)]
[(R, 8), (R, 8)]
[(R, 8), (L, 6), (L, 2)]

[(R, 8), (R, 8), (R, 4), (R, 4), (R, 8), (L, 6), (L, 2), (R, 4), (R, 4)]
[(R, 8), (R, 8)]
[(R, 8), (L, 6), (L, 2)]

[(R, 8), (R, 8), (R, 4), (R, 4), (R, 8), (L, 6), (L, 2), (R, 4), (R, 4)]
[(R, 8), (R, 8)]
[(R, 8), (L, 6), (L, 2)]

[(R, 8), (R, 8), (R, 4), (R, 4), (R, 8), (L, 6), (L, 2), (R, 4), (R, 4)]
[(R, 8), (R, 8), (R, 8)]
[(L, 6), (L, 2)]

[(R, 8), (R, 8), (R, 4), (R, 4), (R, 8), (L, 6), (L, 2), (R, 4), (R, 4)]
[(R, 8), (R, 8), (R, 8)]
[(L, 6), (L, 2)]

[(R, 8), (R, 8), (R, 4), (R, 4), (R, 8), (L, 6), (L, 2), (R, 4), (R, 4)]
[(R, 8), (R, 8), (R, 8)]
[(L, 6), (L, 2)]

[(R, 8), (R, 8), (R, 4), (R, 4), (R, 8), (L, 6), (L, 2), (R, 4), (R, 4)]
[(R, 8), (R, 8), (R, 8)]
[(L, 6), (L, 2)]

[(R, 8), (R, 8), (R, 4), (R, 4), (R, 8), (L, 6), (L, 2), (R, 4), (R, 4)]
[(R, 8), (R, 8), (R, 8)]
[(L, 6), (L, 2)]

[(R, 8), (R, 8), (R, 4), (R, 4), (R, 8), (L, 6), (L, 2), (R, 4), (R, 4)]
[(R, 8), (R, 8), (R, 8)]
[(L, 6), (L, 2)]

[(R, 8), (R, 8), (R, 4), (R, 4), (R, 8), (L, 6), (L, 2), (R, 4), (R, 4)]
[(R, 8), (R, 8), (R, 8)]
[(L, 6), (L, 2)]

[(R, 8), (R, 8), (R, 4), (R, 4), (R, 8), (L, 6), (L, 2), (R, 4), (R, 4)]
[(R, 8), (R, 8), (R, 8)]
[(L, 6), (L, 2)]

[(R, 8), (R, 8), (R, 4), (R, 4), (R, 8), (L, 6), (L, 2), (R, 4), (R, 4)]
[(R, 8), (R, 8), (R, 8), (L, 6)]
[(L, 2)]

[(R, 8), (R, 8), (R, 4), (R, 4), (R, 8), (L, 6), (L, 2), (R, 4), (R, 4)]
[(R, 8), (R, 8), (R, 8), (L, 6)]
[(L, 2)]

[(R, 8), (R, 8), (R, 4), (R, 4), (R, 8), (L, 6), (L, 2), (R, 4), (R, 4)]
[(R, 8), (R, 8), (R, 8), (L, 6)]
[(L, 2)]

[(R, 8), (R, 8), (R, 4), (R, 4), (R, 8), (L, 6), (L, 2), (R, 4), (R, 4)]
[(R, 8), (R, 8), (R, 8), (L, 6)]
[(L, 2)]

[(R, 8), (R, 8), (R, 4), (R, 4), (R, 8), (L, 6), (L, 2), (R, 4), (R, 4)]
[(R, 8), (R, 8), (R, 8), (L, 6)]
[(L, 2)]

[(R, 8), (R, 8), (R, 4), (R, 4), (R, 8), (L, 6), (L, 2), (R, 4), (R, 4)]
[(R, 8), (R, 8), (R, 8), (L, 6)]
[(L, 2)]

[(R, 8), (R, 8), (R, 4), (R, 4), (R, 8), (L, 6), (L, 2), (R, 4), (R, 4)]
[(R, 8), (R, 8), (R, 8), (L, 6)]
[(L, 2)]

[(R, 8), (R, 8), (R, 4), (R, 4), (R, 8), (L, 6), (L, 2), (R, 4), (R, 4)]
[(R, 8), (R, 8), (R, 8), (L, 6)]
[(L, 2)]

[(R, 8), (R, 8), (R, 4), (R, 4), (R, 8), (L, 6), (L, 2), (R, 4), (R, 4)]
[(R, 8), (R, 8), (R, 8), (L, 6)]
[(L, 2)]
]]></system-out>
  <system-err><![CDATA[]]></system-err>
</testsuite>
