<?xml version="1.0" encoding="UTF-8"?>
<testsuite name="MainTest" tests="20" skipped="0" failures="0" errors="0" timestamp="2019-12-06T19:45:24" hostname="MacBook-Pro-2" time="0.347">
  <properties/>
  <testcase name="3,3,1108,-1,8,3,4,3,99 returns 1 if input is equal to 8()" classname="MainTest" time="0.034"/>
  <testcase name="Output 999 if the input is below 8, output 1000 if the input is 8, output 1001 if the input is above 8()" classname="MainTest" time="0.001"/>
  <testcase name="1101,100,-1,4,0 stores result of adding 100 to -1 in position 4()" classname="MainTest" time="0.001"/>
  <testcase name="sample data 2 returns data in the exmaple()" classname="MainTest" time="0.0"/>
  <testcase name="3,0,4,0,99 outputs what is input()" classname="MainTest" time="0.0"/>
  <testcase name="1002,4,3,4,33 gives 1002,4,3,4,99()" classname="MainTest" time="0.001"/>
  <testcase name="sample data 3 returns data in the exmaple()" classname="MainTest" time="0.0"/>
  <testcase name="3,9,8,9,10,9,4,9,99,-1,8 returns 1 if input is equal to 8()" classname="MainTest" time="0.0"/>
  <testcase name="sample data 4 returns data in the exmaple()" classname="MainTest" time="0.0"/>
  <testcase name="Day 5 part one()" classname="MainTest" time="0.003"/>
  <testcase name="opcode 2 is an op of 2()" classname="MainTest" time="0.0"/>
  <testcase name="3,9,7,9,10,9,4,9,99,-1,8 return 1 if input is less than 8()" classname="MainTest" time="0.0"/>
  <testcase name="sample data 5 returns data in the exmaple()" classname="MainTest" time="0.0"/>
  <testcase name="3,3,1107,-1,8,3,4,3,99 return 1 if input is less than 8()" classname="MainTest" time="0.001"/>
  <testcase name="3,12,6,12,15,1,13,14,13,4,13,99,-1,0,1,9 retun 0 if output is 0()" classname="MainTest" time="0.001"/>
  <testcase name="opcode 1002 is an op of 2()" classname="MainTest" time="0.0"/>
  <testcase name="Part one()" classname="MainTest" time="0.001"/>
  <testcase name="Part two()" classname="MainTest" time="0.29"/>
  <testcase name="3,3,1105,-1,9,1101,0,0,12,4,12,99,1 retun 0 if output is 0()" classname="MainTest" time="0.001"/>
  <testcase name="sample data 1 returns data in the exmaple()" classname="MainTest" time="0.001"/>
  <system-out><![CDATA[Day 5 part one: 16348437
Part one: 4090689
Part two: 7733
]]></system-out>
  <system-err><![CDATA[]]></system-err>
</testsuite>
