<?xml version="1.0" encoding="UTF-8"?>
<testsuite name="MainTest" tests="6" skipped="0" failures="0" errors="0" timestamp="2019-12-10T19:38:28" hostname="MacBook-Pro-2" time="1.636">
  <properties/>
  <testcase name="Best is 6,3 with 41 other asteroids detected()" classname="MainTest" time="0.065"/>
  <testcase name="Best is 11,13 with 210 other asteroids detected()" classname="MainTest" time="1.558"/>
  <testcase name="Star at position 3,4 can see the most other asteroids()" classname="MainTest" time="0.001"/>
  <testcase name="Best is 1,2 with 35 other asteroids detected()" classname="MainTest" time="0.005"/>
  <testcase name="Best is 5,8 with 33 other asteroids detected()" classname="MainTest" time="0.004"/>
  <testcase name="Star at position 3,4 can see each other asteroids except one at 1,0()" classname="MainTest" time="0.0"/>
  <system-out><![CDATA[90.0
]]></system-out>
  <system-err><![CDATA[]]></system-err>
</testsuite>
