<?xml version="1.0" encoding="UTF-8"?>
<testsuite name="MainTest" tests="7" skipped="0" failures="0" errors="0" timestamp="2019-12-10T19:19:23" hostname="MacBook-Pro-2" time="4.703">
  <properties/>
  <testcase name="Best is 6,3 with 41 other asteroids detected()" classname="MainTest" time="0.067"/>
  <testcase name="Best is 11,13 with 210 other asteroids detected()" classname="MainTest" time="1.58"/>
  <testcase name="Star at position 3,4 can see the most other asteroids()" classname="MainTest" time="0.0"/>
  <testcase name="Best is 1,2 with 35 other asteroids detected()" classname="MainTest" time="0.004"/>
  <testcase name="Best is 5,8 with 33 other asteroids detected()" classname="MainTest" time="0.004"/>
  <testcase name="Day 10 part one()" classname="MainTest" time="3.042"/>
  <testcase name="Star at position 3,4 can see each other asteroids except one at 1,0()" classname="MainTest" time="0.001"/>
  <system-out><![CDATA[Day 10 part one Position(x=22, y=19) 282
]]></system-out>
  <system-err><![CDATA[]]></system-err>
</testsuite>
