<?xml version="1.0" encoding="UTF-8"?>
<testsuite name="MainTest" tests="2" skipped="0" failures="0" errors="0" timestamp="2019-12-11T20:48:35" hostname="MacBook-Pro-2" time="0.43">
  <properties/>
  <testcase name="Problem for Day11 part one()" classname="MainTest" time="0.417"/>
  <testcase name="Problem for Day11 part two()" classname="MainTest" time="0.012"/>
  <system-out><![CDATA[                                                                    
                                              ####   ### ###        
                                              #    #    #  #        
                                               #####       #        
                                  ##              ## #  # ##        
                                  #   #     ##     #   #  #  #      
                                ## #  #    #  #       # ## ## #     
                                # # ####  ### ###      ## # # ####  
                                  ###   #  #    #    # # #### ### # 
                                    # #  #     #     ## ######## # #
                                      #   ##  ### ### ### #  ##    #
                                  ### #     #  # ## # # #  # ## ##  
                                 ##### ## # ###### ## #####  # ### #
                                  # ##  ## #  #  #  # #     ##    ##
                               ###   # #######       #   #    ###   
                               #  ## #   ## # ######     # ## # #   
                                # ## ## #  #  ## # #   ####   #     
                                ###    ##   # ###   # # #     ##    
                                #  # ##   ##     #  ## # # #        
                                ###   ## #  ##  ### #    # ###      
                               # ## #    ##  ### #  # #####         
                               # ##     ### #   # #        #        
                               #  #  #  ## #   #   #  # ## # #      
                              #   ##   ### #### # #  # ####  #      
                             #  #  #### # ##   # ##  ### #####      
                          ### #  # # ## # ##  #    #    #  ##       
                          #  ##  ## # #  #     ##   ###  # ##       
                           ## ############## ### ####  ###          
                                #  ## ##  #  #  ## ## #  ##         
              ##                   #  #   # ## #      #   #         
             # #                  ###        #        ####          
             # #                   ###     #    ## ## #  #          
             # #                   ###  #  ##   #########   #       
            # # ##               #  #    # #     # # ###  # ##      
           ## #  #                ## #  ###  ## #### #      #####   
          # #  ##                #### # #    # ## # #   #   #    #  
          # ## ## ###              # # # #    #      #####    ####  
          # # # ## # ##             # ###     #   #  #     #        
         # ## ##  # # #             #   #     ### #   ##  ##        
        # ##  # ##    # #         # #  ##        ##    ##           
      #### ##### ######   #       ## # #                            
     ### ##      ##### #   #       # ###                            
     #   ###  ## #   #  ### #      #  #                             
      ## ## ### #  ##     #  #  ## ##### #                          
     ##  ## #  #   ### ##    # #  ##  #  ##                         
     ###   #  ## ##### ## ### #        #                            
      #      # # ###  ## # #    #   #####                           
     # ## #   ###  ##    ######    ##   ###                         
     # #    #  # ##  ###### ## ### #######                          
        # # # ######  ###     # #### ## #                           
            #  # ##   ## #  #####  ### #                            
             ## ## #   #### # #   #                                 
              ###  ### ##   ####### ###                             
               # ### ###  ## ##  #### #                             
                  # #### #   ####                                   
                  ## ####  ##  # #  # ###                           
                     # #    ####### ####  #                         
                   # # # #  #  # ##   # ## #                        
                   #    #   ### ####  # #  #                        
                    # # ## ##   ##  # #  ##                         
                    ##  #### # ### #  #                             
                ## ## #      ##  ### # #  # ## #                    
               ###  #   # # #    #   ### #### #                     
          ##  #  ### ## ###### #     ## # ######                    
         #### ##  ###### ### ###### # # # #  #                      
         ##      # # ### ##    # #     # # ###                      
         ##        ###     ### # # ##  ## # #                       
      ##         #  #  #  ##### ## # #### ## #                      
    ####   ##  #     #  #     ## ####  #    ##                      
     # #### ##  #  #  ## ## ## #  #  #                              
    #### #  ##  ###   ####  ###   ###                               
    #     ## ##   ### # ###    ## ####                              
   #### #  # ##  # # #     # # ##  #                                
## # #    ##  #    #         #  ###                                 
##  ##    ## #     ## #  ## # ## ###                                
   ## # ## #  ## #   #   ####                                       
   ## # ##  # #  ####   #                                           
    ##### ### ## ## #     #  ##                                     
     ## #  # ##  #  # # #  ####                                     
       ## # # #  ##   ####   ###                                    
     ####      ## ##   #   #####                                    
     # # ## # ## #   # # # #                                        
        ### # ####    ##  ##                                        
    ##  ### #         ##                                            
    #  #                                                            
    #  ###                                                          
   # # ##  ##                                                       
   ##   # # ##                                                      
     # ####  #                                                      
     # #  # #                                                       
      ##   ##                                                       
 ###  #### ###  #  # #### #  # ###   ##    
 #  # #    #  # #  #    # #  # #  # #  #   
 ###  ###  #  # #  #   #  #  # #  # #      
 #  # #    ###  #  #  #   #  # ###  #      
 #  # #    #    #  # #    #  # #    #  #   
 ###  #    #     ##  ####  ##  #     ##    
]]></system-out>
  <system-err><![CDATA[]]></system-err>
</testsuite>
