<?xml version="1.0" encoding="UTF-8"?>
<testsuite name="MainTest" tests="2" skipped="0" failures="0" errors="0" timestamp="2019-12-11T18:47:23" hostname="MacBook-Pro-2" time="0.458">
  <properties/>
  <testcase name="Problem for Day11 part one()" classname="MainTest" time="0.446"/>
  <testcase name="Problem for Day11 part two()" classname="MainTest" time="0.012"/>
  <system-out><![CDATA[                                                                    
                                                                    
                                                                    
                                                                    
                                                                    
                                                                    
                                                                    
                                                                    
                                                                    
                                                                    
                                                                    
                                                                    
                                                                    
                                                                    
                                                                    
                                                                    
                                                                    
                                                                    
                                                                    
                                                                    
                                                                    
                                                                    
                                                                    
                                                                    
                                                                    
                                                                    
                                                                    
                                                                    
                                                                    
                                                                    
                                                                    
                                                                    
                                                                    
                                                                    
                                                                    
                                                                    
                                                                    
                                                                    
                                                                    
                                                                    
                                                                    
                                                                    
                                                                    
                                                                    
                                                                    
                                                                    
                                                                    
                                                                    
                                                                    
                                                                    
                                                                    
                                                                    
                                                                    
                                                                    
                                                                    
                                                                    
                                                                    
                                                                    
                                                                    
                                                                    
                                                                    
                                                                    
                                                                    
                                                                    
                                                                    
                                                                    
                                                                    
                                                                    
                                                                    
                                                                    
                                                                    
                                                                    
                                                                    
                                                                    
                                                                    
                                                                    
                                                                    
                                                                    
                                                                    
                                                                    
                                                                    
                                                                    
                                                                    
                                                                    
                                                                    
                                                                    
                                                                    
                                                                    
                                                                    
                                                                    
                                                                    
                                           
                                           
                                           
                                           
                                           
                                           
]]></system-out>
  <system-err><![CDATA[]]></system-err>
</testsuite>
