<?xml version="1.0" encoding="UTF-8"?>
<testsuite name="MainTest" tests="1" skipped="0" failures="0" errors="0" timestamp="2019-12-12T09:33:26" hostname="mike-ThinkPad-L380" time="0.042">
  <properties/>
  <testcase name="Answer for Part one()" classname="MainTest" time="0.042"/>
  <system-out><![CDATA[]]></system-out>
  <system-err><![CDATA[]]></system-err>
</testsuite>
