<?xml version="1.0" encoding="UTF-8"?>
<testsuite name="MainTest" tests="4" skipped="0" failures="0" errors="0" timestamp="2020-01-02T19:04:00" hostname="MacBook-Pro-2" time="0.056">
  <properties/>
  <testcase name="data from sample one is turned into a map of data()" classname="MainTest" time="0.023"/>
  <testcase name="adjacent paths are calculated correctly()" classname="MainTest" time="0.006"/>
  <testcase name="map of data is converted to a map of paths()" classname="MainTest" time="0.015"/>
  <testcase name="find shortest steps for first sample()" classname="MainTest" time="0.009"/>
  <system-out><![CDATA[8
]]></system-out>
  <system-err><![CDATA[]]></system-err>
</testsuite>
