<?xml version="1.0" encoding="UTF-8"?>
<testsuite name="MainTest" tests="1" skipped="0" failures="0" errors="0" timestamp="2019-12-22T17:14:28" hostname="MacBook-Pro-2" time="5.205">
  <properties/>
  <testcase name="Day 19 part two()" classname="MainTest" time="5.205"/>
  <system-out><![CDATA[Solution is Position(x=675, y=1081)
]]></system-out>
  <system-err><![CDATA[]]></system-err>
</testsuite>
